<?xml version="1.0" encoding="UTF-8"?>
<testsuite xmlns:xsi="http://www.w3.org/2001/XMLSchema-instance" xsi:noNamespaceSchemaLocation="https://maven.apache.org/surefire/maven-surefire-plugin/xsd/surefire-test-report.xsd" name="qa.gov.customs.authentication.UserMasterJpaTest" time="9.602" tests="1" errors="0" skipped="0" failures="0">
  <properties>
    <property name="gopherProxySet" value="false"/>
    <property name="awt.toolkit" value="sun.lwawt.macosx.LWCToolkit"/>
    <property name="file.encoding.pkg" value="sun.io"/>
    <property name="java.specification.version" value="1.8"/>
    <property name="sun.cpu.isalist" value=""/>
    <property name="sun.jnu.encoding" value="UTF-8"/>
    <property name="java.class.path" value="/Users/sraj/Documents/demoapp/app/authentication/target/test-classes:/Users/sraj/Documents/demoapp/app/authentication/target/classes:/Users/sraj/.m2/repository/org/springframework/boot/spring-boot-starter-data-jpa/2.1.4.RELEASE/spring-boot-starter-data-jpa-2.1.4.RELEASE.jar:/Users/sraj/.m2/repository/org/springframework/boot/spring-boot-starter-aop/2.1.4.RELEASE/spring-boot-starter-aop-2.1.4.RELEASE.jar:/Users/sraj/.m2/repository/org/springframework/spring-aop/5.1.6.RELEASE/spring-aop-5.1.6.RELEASE.jar:/Users/sraj/.m2/repository/org/aspectj/aspectjweaver/1.9.2/aspectjweaver-1.9.2.jar:/Users/sraj/.m2/repository/org/springframework/boot/spring-boot-starter-jdbc/2.1.4.RELEASE/spring-boot-starter-jdbc-2.1.4.RELEASE.jar:/Users/sraj/.m2/repository/com/zaxxer/HikariCP/3.2.0/HikariCP-3.2.0.jar:/Users/sraj/.m2/repository/org/springframework/spring-jdbc/5.1.6.RELEASE/spring-jdbc-5.1.6.RELEASE.jar:/Users/sraj/.m2/repository/javax/transaction/javax.transaction-api/1.3/javax.transaction-api-1.3.jar:/Users/sraj/.m2/repository/javax/xml/bind/jaxb-api/2.3.1/jaxb-api-2.3.1.jar:/Users/sraj/.m2/repository/javax/activation/javax.activation-api/1.2.0/javax.activation-api-1.2.0.jar:/Users/sraj/.m2/repository/org/hibernate/hibernate-core/5.3.9.Final/hibernate-core-5.3.9.Final.jar:/Users/sraj/.m2/repository/org/jboss/logging/jboss-logging/3.3.2.Final/jboss-logging-3.3.2.Final.jar:/Users/sraj/.m2/repository/javax/persistence/javax.persistence-api/2.2/javax.persistence-api-2.2.jar:/Users/sraj/.m2/repository/org/javassist/javassist/3.23.1-GA/javassist-3.23.1-GA.jar:/Users/sraj/.m2/repository/net/bytebuddy/byte-buddy/1.9.12/byte-buddy-1.9.12.jar:/Users/sraj/.m2/repository/antlr/antlr/2.7.7/antlr-2.7.7.jar:/Users/sraj/.m2/repository/org/jboss/jandex/2.0.5.Final/jandex-2.0.5.Final.jar:/Users/sraj/.m2/repository/com/fasterxml/classmate/1.4.0/classmate-1.4.0.jar:/Users/sraj/.m2/repository/org/dom4j/dom4j/2.1.1/dom4j-2.1.1.jar:/Users/sraj/.m2/repository/org/hibernate/common/hibernate-commons-annotations/5.0.4.Final/hibernate-commons-annotations-5.0.4.Final.jar:/Users/sraj/.m2/repository/org/springframework/data/spring-data-jpa/2.1.6.RELEASE/spring-data-jpa-2.1.6.RELEASE.jar:/Users/sraj/.m2/repository/org/springframework/data/spring-data-commons/2.1.6.RELEASE/spring-data-commons-2.1.6.RELEASE.jar:/Users/sraj/.m2/repository/org/springframework/spring-orm/5.1.6.RELEASE/spring-orm-5.1.6.RELEASE.jar:/Users/sraj/.m2/repository/org/springframework/spring-context/5.1.6.RELEASE/spring-context-5.1.6.RELEASE.jar:/Users/sraj/.m2/repository/org/springframework/spring-tx/5.1.6.RELEASE/spring-tx-5.1.6.RELEASE.jar:/Users/sraj/.m2/repository/org/springframework/spring-beans/5.1.6.RELEASE/spring-beans-5.1.6.RELEASE.jar:/Users/sraj/.m2/repository/org/slf4j/slf4j-api/1.7.26/slf4j-api-1.7.26.jar:/Users/sraj/.m2/repository/org/springframework/spring-aspects/5.1.6.RELEASE/spring-aspects-5.1.6.RELEASE.jar:/Users/sraj/.m2/repository/org/springframework/boot/spring-boot-starter-web/2.1.4.RELEASE/spring-boot-starter-web-2.1.4.RELEASE.jar:/Users/sraj/.m2/repository/org/springframework/boot/spring-boot-starter/2.1.4.RELEASE/spring-boot-starter-2.1.4.RELEASE.jar:/Users/sraj/.m2/repository/org/springframework/boot/spring-boot-starter-logging/2.1.4.RELEASE/spring-boot-starter-logging-2.1.4.RELEASE.jar:/Users/sraj/.m2/repository/ch/qos/logback/logback-classic/1.2.3/logback-classic-1.2.3.jar:/Users/sraj/.m2/repository/ch/qos/logback/logback-core/1.2.3/logback-core-1.2.3.jar:/Users/sraj/.m2/repository/org/apache/logging/log4j/log4j-to-slf4j/2.11.2/log4j-to-slf4j-2.11.2.jar:/Users/sraj/.m2/repository/org/apache/logging/log4j/log4j-api/2.11.2/log4j-api-2.11.2.jar:/Users/sraj/.m2/repository/org/slf4j/jul-to-slf4j/1.7.26/jul-to-slf4j-1.7.26.jar:/Users/sraj/.m2/repository/javax/annotation/javax.annotation-api/1.3.2/javax.annotation-api-1.3.2.jar:/Users/sraj/.m2/repository/org/springframework/boot/spring-boot-starter-json/2.1.4.RELEASE/spring-boot-starter-json-2.1.4.RELEASE.jar:/Users/sraj/.m2/repository/com/fasterxml/jackson/datatype/jackson-datatype-jdk8/2.9.8/jackson-datatype-jdk8-2.9.8.jar:/Users/sraj/.m2/repository/com/fasterxml/jackson/datatype/jackson-datatype-jsr310/2.9.8/jackson-datatype-jsr310-2.9.8.jar:/Users/sraj/.m2/repository/com/fasterxml/jackson/module/jackson-module-parameter-names/2.9.8/jackson-module-parameter-names-2.9.8.jar:/Users/sraj/.m2/repository/org/springframework/boot/spring-boot-starter-tomcat/2.1.4.RELEASE/spring-boot-starter-tomcat-2.1.4.RELEASE.jar:/Users/sraj/.m2/repository/org/apache/tomcat/embed/tomcat-embed-core/9.0.17/tomcat-embed-core-9.0.17.jar:/Users/sraj/.m2/repository/org/apache/tomcat/embed/tomcat-embed-el/9.0.17/tomcat-embed-el-9.0.17.jar:/Users/sraj/.m2/repository/org/apache/tomcat/embed/tomcat-embed-websocket/9.0.17/tomcat-embed-websocket-9.0.17.jar:/Users/sraj/.m2/repository/org/hibernate/validator/hibernate-validator/6.0.16.Final/hibernate-validator-6.0.16.Final.jar:/Users/sraj/.m2/repository/javax/validation/validation-api/2.0.1.Final/validation-api-2.0.1.Final.jar:/Users/sraj/.m2/repository/org/springframework/spring-web/5.1.6.RELEASE/spring-web-5.1.6.RELEASE.jar:/Users/sraj/.m2/repository/org/springframework/spring-webmvc/5.1.6.RELEASE/spring-webmvc-5.1.6.RELEASE.jar:/Users/sraj/.m2/repository/org/springframework/spring-expression/5.1.6.RELEASE/spring-expression-5.1.6.RELEASE.jar:/Users/sraj/.m2/repository/org/springframework/cloud/spring-cloud-starter-oauth2/2.1.2.RELEASE/spring-cloud-starter-oauth2-2.1.2.RELEASE.jar:/Users/sraj/.m2/repository/org/springframework/cloud/spring-cloud-starter-security/2.1.2.RELEASE/spring-cloud-starter-security-2.1.2.RELEASE.jar:/Users/sraj/.m2/repository/org/springframework/cloud/spring-cloud-starter/2.1.1.RELEASE/spring-cloud-starter-2.1.1.RELEASE.jar:/Users/sraj/.m2/repository/org/springframework/cloud/spring-cloud-context/2.1.1.RELEASE/spring-cloud-context-2.1.1.RELEASE.jar:/Users/sraj/.m2/repository/org/springframework/cloud/spring-cloud-commons/2.1.1.RELEASE/spring-cloud-commons-2.1.1.RELEASE.jar:/Users/sraj/.m2/repository/org/springframework/cloud/spring-cloud-security/2.1.2.RELEASE/spring-cloud-security-2.1.2.RELEASE.jar:/Users/sraj/.m2/repository/org/springframework/boot/spring-boot-starter-security/2.1.4.RELEASE/spring-boot-starter-security-2.1.4.RELEASE.jar:/Users/sraj/.m2/repository/org/springframework/cloud/spring-cloud-config-server/2.1.1.RELEASE/spring-cloud-config-server-2.1.1.RELEASE.jar:/Users/sraj/.m2/repository/org/springframework/cloud/spring-cloud-config-client/2.1.1.RELEASE/spring-cloud-config-client-2.1.1.RELEASE.jar:/Users/sraj/.m2/repository/org/springframework/security/spring-security-crypto/5.1.5.RELEASE/spring-security-crypto-5.1.5.RELEASE.jar:/Users/sraj/.m2/repository/org/springframework/security/spring-security-rsa/1.0.7.RELEASE/spring-security-rsa-1.0.7.RELEASE.jar:/Users/sraj/.m2/repository/org/bouncycastle/bcpkix-jdk15on/1.60/bcpkix-jdk15on-1.60.jar:/Users/sraj/.m2/repository/org/bouncycastle/bcprov-jdk15on/1.60/bcprov-jdk15on-1.60.jar:/Users/sraj/.m2/repository/org/eclipse/jgit/org.eclipse.jgit/5.1.3.201810200350-r/org.eclipse.jgit-5.1.3.201810200350-r.jar:/Users/sraj/.m2/repository/com/jcraft/jsch/0.1.54/jsch-0.1.54.jar:/Users/sraj/.m2/repository/com/jcraft/jzlib/1.1.1/jzlib-1.1.1.jar:/Users/sraj/.m2/repository/com/googlecode/javaewah/JavaEWAH/1.1.6/JavaEWAH-1.1.6.jar:/Users/sraj/.m2/repository/org/eclipse/jgit/org.eclipse.jgit.http.apache/5.1.3.201810200350-r/org.eclipse.jgit.http.apache-5.1.3.201810200350-r.jar:/Users/sraj/.m2/repository/org/apache/httpcomponents/httpclient/4.5.8/httpclient-4.5.8.jar:/Users/sraj/.m2/repository/org/apache/httpcomponents/httpcore/4.4.11/httpcore-4.4.11.jar:/Users/sraj/.m2/repository/org/yaml/snakeyaml/1.23/snakeyaml-1.23.jar:/Users/sraj/.m2/repository/org/springframework/security/oauth/boot/spring-security-oauth2-autoconfigure/2.1.3.RELEASE/spring-security-oauth2-autoconfigure-2.1.3.RELEASE.jar:/Users/sraj/.m2/repository/com/fasterxml/jackson/core/jackson-annotations/2.9.0/jackson-annotations-2.9.0.jar:/Users/sraj/.m2/repository/com/fasterxml/jackson/core/jackson-databind/2.9.8/jackson-databind-2.9.8.jar:/Users/sraj/.m2/repository/com/fasterxml/jackson/core/jackson-core/2.9.8/jackson-core-2.9.8.jar:/Users/sraj/.m2/repository/com/sun/xml/bind/jaxb-core/2.3.0.1/jaxb-core-2.3.0.1.jar:/Users/sraj/.m2/repository/com/sun/xml/bind/jaxb-impl/2.3.0.1/jaxb-impl-2.3.0.1.jar:/Users/sraj/.m2/repository/org/springframework/boot/spring-boot/2.1.4.RELEASE/spring-boot-2.1.4.RELEASE.jar:/Users/sraj/.m2/repository/org/springframework/boot/spring-boot-autoconfigure/2.1.4.RELEASE/spring-boot-autoconfigure-2.1.4.RELEASE.jar:/Users/sraj/.m2/repository/org/springframework/security/oauth/spring-security-oauth2/2.3.5.RELEASE/spring-security-oauth2-2.3.5.RELEASE.jar:/Users/sraj/.m2/repository/org/springframework/security/spring-security-core/5.1.5.RELEASE/spring-security-core-5.1.5.RELEASE.jar:/Users/sraj/.m2/repository/org/springframework/security/spring-security-config/5.1.5.RELEASE/spring-security-config-5.1.5.RELEASE.jar:/Users/sraj/.m2/repository/org/springframework/security/spring-security-web/5.1.5.RELEASE/spring-security-web-5.1.5.RELEASE.jar:/Users/sraj/.m2/repository/commons-codec/commons-codec/1.11/commons-codec-1.11.jar:/Users/sraj/.m2/repository/org/codehaus/jackson/jackson-mapper-asl/1.9.13/jackson-mapper-asl-1.9.13.jar:/Users/sraj/.m2/repository/org/codehaus/jackson/jackson-core-asl/1.9.13/jackson-core-asl-1.9.13.jar:/Users/sraj/.m2/repository/org/springframework/security/spring-security-jwt/1.0.10.RELEASE/spring-security-jwt-1.0.10.RELEASE.jar:/Users/sraj/.m2/repository/org/springframework/cloud/spring-cloud-starter-sleuth/2.1.1.RELEASE/spring-cloud-starter-sleuth-2.1.1.RELEASE.jar:/Users/sraj/.m2/repository/org/springframework/cloud/spring-cloud-sleuth-core/2.1.1.RELEASE/spring-cloud-sleuth-core-2.1.1.RELEASE.jar:/Users/sraj/.m2/repository/org/aspectj/aspectjrt/1.9.2/aspectjrt-1.9.2.jar:/Users/sraj/.m2/repository/io/zipkin/brave/brave/5.6.1/brave-5.6.1.jar:/Users/sraj/.m2/repository/io/zipkin/zipkin2/zipkin/2.12.0/zipkin-2.12.0.jar:/Users/sraj/.m2/repository/io/zipkin/reporter2/zipkin-reporter/2.7.14/zipkin-reporter-2.7.14.jar:/Users/sraj/.m2/repository/io/zipkin/brave/brave-context-log4j2/5.6.1/brave-context-log4j2-5.6.1.jar:/Users/sraj/.m2/repository/io/zipkin/brave/brave-instrumentation-spring-web/5.6.1/brave-instrumentation-spring-web-5.6.1.jar:/Users/sraj/.m2/repository/io/zipkin/brave/brave-instrumentation-http/5.6.1/brave-instrumentation-http-5.6.1.jar:/Users/sraj/.m2/repository/io/zipkin/brave/brave-instrumentation-spring-rabbit/5.6.1/brave-instrumentation-spring-rabbit-5.6.1.jar:/Users/sraj/.m2/repository/io/zipkin/brave/brave-instrumentation-kafka-clients/5.6.1/brave-instrumentation-kafka-clients-5.6.1.jar:/Users/sraj/.m2/repository/io/zipkin/brave/brave-instrumentation-httpclient/5.6.1/brave-instrumentation-httpclient-5.6.1.jar:/Users/sraj/.m2/repository/io/zipkin/brave/brave-instrumentation-httpasyncclient/5.6.1/brave-instrumentation-httpasyncclient-5.6.1.jar:/Users/sraj/.m2/repository/io/zipkin/brave/brave-instrumentation-spring-webmvc/5.6.1/brave-instrumentation-spring-webmvc-5.6.1.jar:/Users/sraj/.m2/repository/io/zipkin/brave/brave-instrumentation-servlet/5.6.1/brave-instrumentation-servlet-5.6.1.jar:/Users/sraj/.m2/repository/io/zipkin/brave/brave-instrumentation-jms/5.6.1/brave-instrumentation-jms-5.6.1.jar:/Users/sraj/.m2/repository/org/springframework/boot/spring-boot-starter-actuator/2.1.4.RELEASE/spring-boot-starter-actuator-2.1.4.RELEASE.jar:/Users/sraj/.m2/repository/org/springframework/boot/spring-boot-actuator-autoconfigure/2.1.4.RELEASE/spring-boot-actuator-autoconfigure-2.1.4.RELEASE.jar:/Users/sraj/.m2/repository/org/springframework/boot/spring-boot-actuator/2.1.4.RELEASE/spring-boot-actuator-2.1.4.RELEASE.jar:/Users/sraj/.m2/repository/io/micrometer/micrometer-core/1.1.4/micrometer-core-1.1.4.jar:/Users/sraj/.m2/repository/org/hdrhistogram/HdrHistogram/2.1.9/HdrHistogram-2.1.9.jar:/Users/sraj/.m2/repository/org/latencyutils/LatencyUtils/2.0.3/LatencyUtils-2.0.3.jar:/Users/sraj/.m2/repository/org/springframework/boot/spring-boot-devtools/2.1.4.RELEASE/spring-boot-devtools-2.1.4.RELEASE.jar:/Users/sraj/.m2/repository/org/springframework/boot/spring-boot-starter-test/2.1.4.RELEASE/spring-boot-starter-test-2.1.4.RELEASE.jar:/Users/sraj/.m2/repository/org/springframework/boot/spring-boot-test/2.1.4.RELEASE/spring-boot-test-2.1.4.RELEASE.jar:/Users/sraj/.m2/repository/org/springframework/boot/spring-boot-test-autoconfigure/2.1.4.RELEASE/spring-boot-test-autoconfigure-2.1.4.RELEASE.jar:/Users/sraj/.m2/repository/com/jayway/jsonpath/json-path/2.4.0/json-path-2.4.0.jar:/Users/sraj/.m2/repository/net/minidev/json-smart/2.3/json-smart-2.3.jar:/Users/sraj/.m2/repository/net/minidev/accessors-smart/1.2/accessors-smart-1.2.jar:/Users/sraj/.m2/repository/org/ow2/asm/asm/5.0.4/asm-5.0.4.jar:/Users/sraj/.m2/repository/junit/junit/4.12/junit-4.12.jar:/Users/sraj/.m2/repository/org/assertj/assertj-core/3.11.1/assertj-core-3.11.1.jar:/Users/sraj/.m2/repository/org/mockito/mockito-core/2.23.4/mockito-core-2.23.4.jar:/Users/sraj/.m2/repository/net/bytebuddy/byte-buddy-agent/1.9.12/byte-buddy-agent-1.9.12.jar:/Users/sraj/.m2/repository/org/objenesis/objenesis/2.6/objenesis-2.6.jar:/Users/sraj/.m2/repository/org/hamcrest/hamcrest-core/1.3/hamcrest-core-1.3.jar:/Users/sraj/.m2/repository/org/hamcrest/hamcrest-library/1.3/hamcrest-library-1.3.jar:/Users/sraj/.m2/repository/org/skyscreamer/jsonassert/1.5.0/jsonassert-1.5.0.jar:/Users/sraj/.m2/repository/com/vaadin/external/google/android-json/0.0.20131108.vaadin1/android-json-0.0.20131108.vaadin1.jar:/Users/sraj/.m2/repository/org/springframework/spring-core/5.1.6.RELEASE/spring-core-5.1.6.RELEASE.jar:/Users/sraj/.m2/repository/org/springframework/spring-jcl/5.1.6.RELEASE/spring-jcl-5.1.6.RELEASE.jar:/Users/sraj/.m2/repository/org/springframework/spring-test/5.1.6.RELEASE/spring-test-5.1.6.RELEASE.jar:/Users/sraj/.m2/repository/org/xmlunit/xmlunit-core/2.6.2/xmlunit-core-2.6.2.jar:/Users/sraj/.m2/repository/org/hamcrest/hamcrest-all/1.3/hamcrest-all-1.3.jar:/Users/sraj/.m2/repository/com/oracle/ojdbc7/12.1.0.1/ojdbc7-12.1.0.1.jar:"/>
    <property name="java.vm.vendor" value="Oracle Corporation"/>
    <property name="sun.arch.data.model" value="64"/>
    <property name="java.vendor.url" value="http://java.oracle.com/"/>
    <property name="user.timezone" value=""/>
    <property name="java.vm.specification.version" value="1.8"/>
    <property name="os.name" value="Mac OS X"/>
    <property name="user.country" value="QA"/>
    <property name="sun.java.launcher" value="SUN_STANDARD"/>
    <property name="sun.boot.library.path" value="/Library/Java/JavaVirtualMachines/jdk1.8.0_201.jdk/Contents/Home/jre/lib"/>
    <property name="sun.java.command" value="/Users/sraj/Documents/demoapp/app/authentication/target/surefire/surefirebooter8617960280208031762.jar /Users/sraj/Documents/demoapp/app/authentication/target/surefire 2019-04-10T10-37-19_252-jvmRun1 surefire158425654575526228tmp surefire_01407489660923053739tmp"/>
    <property name="http.nonProxyHosts" value="local|*.local|169.254/16|*.169.254/16"/>
    <property name="surefire.test.class.path" value="/Users/sraj/Documents/demoapp/app/authentication/target/test-classes:/Users/sraj/Documents/demoapp/app/authentication/target/classes:/Users/sraj/.m2/repository/org/springframework/boot/spring-boot-starter-data-jpa/2.1.4.RELEASE/spring-boot-starter-data-jpa-2.1.4.RELEASE.jar:/Users/sraj/.m2/repository/org/springframework/boot/spring-boot-starter-aop/2.1.4.RELEASE/spring-boot-starter-aop-2.1.4.RELEASE.jar:/Users/sraj/.m2/repository/org/springframework/spring-aop/5.1.6.RELEASE/spring-aop-5.1.6.RELEASE.jar:/Users/sraj/.m2/repository/org/aspectj/aspectjweaver/1.9.2/aspectjweaver-1.9.2.jar:/Users/sraj/.m2/repository/org/springframework/boot/spring-boot-starter-jdbc/2.1.4.RELEASE/spring-boot-starter-jdbc-2.1.4.RELEASE.jar:/Users/sraj/.m2/repository/com/zaxxer/HikariCP/3.2.0/HikariCP-3.2.0.jar:/Users/sraj/.m2/repository/org/springframework/spring-jdbc/5.1.6.RELEASE/spring-jdbc-5.1.6.RELEASE.jar:/Users/sraj/.m2/repository/javax/transaction/javax.transaction-api/1.3/javax.transaction-api-1.3.jar:/Users/sraj/.m2/repository/javax/xml/bind/jaxb-api/2.3.1/jaxb-api-2.3.1.jar:/Users/sraj/.m2/repository/javax/activation/javax.activation-api/1.2.0/javax.activation-api-1.2.0.jar:/Users/sraj/.m2/repository/org/hibernate/hibernate-core/5.3.9.Final/hibernate-core-5.3.9.Final.jar:/Users/sraj/.m2/repository/org/jboss/logging/jboss-logging/3.3.2.Final/jboss-logging-3.3.2.Final.jar:/Users/sraj/.m2/repository/javax/persistence/javax.persistence-api/2.2/javax.persistence-api-2.2.jar:/Users/sraj/.m2/repository/org/javassist/javassist/3.23.1-GA/javassist-3.23.1-GA.jar:/Users/sraj/.m2/repository/net/bytebuddy/byte-buddy/1.9.12/byte-buddy-1.9.12.jar:/Users/sraj/.m2/repository/antlr/antlr/2.7.7/antlr-2.7.7.jar:/Users/sraj/.m2/repository/org/jboss/jandex/2.0.5.Final/jandex-2.0.5.Final.jar:/Users/sraj/.m2/repository/com/fasterxml/classmate/1.4.0/classmate-1.4.0.jar:/Users/sraj/.m2/repository/org/dom4j/dom4j/2.1.1/dom4j-2.1.1.jar:/Users/sraj/.m2/repository/org/hibernate/common/hibernate-commons-annotations/5.0.4.Final/hibernate-commons-annotations-5.0.4.Final.jar:/Users/sraj/.m2/repository/org/springframework/data/spring-data-jpa/2.1.6.RELEASE/spring-data-jpa-2.1.6.RELEASE.jar:/Users/sraj/.m2/repository/org/springframework/data/spring-data-commons/2.1.6.RELEASE/spring-data-commons-2.1.6.RELEASE.jar:/Users/sraj/.m2/repository/org/springframework/spring-orm/5.1.6.RELEASE/spring-orm-5.1.6.RELEASE.jar:/Users/sraj/.m2/repository/org/springframework/spring-context/5.1.6.RELEASE/spring-context-5.1.6.RELEASE.jar:/Users/sraj/.m2/repository/org/springframework/spring-tx/5.1.6.RELEASE/spring-tx-5.1.6.RELEASE.jar:/Users/sraj/.m2/repository/org/springframework/spring-beans/5.1.6.RELEASE/spring-beans-5.1.6.RELEASE.jar:/Users/sraj/.m2/repository/org/slf4j/slf4j-api/1.7.26/slf4j-api-1.7.26.jar:/Users/sraj/.m2/repository/org/springframework/spring-aspects/5.1.6.RELEASE/spring-aspects-5.1.6.RELEASE.jar:/Users/sraj/.m2/repository/org/springframework/boot/spring-boot-starter-web/2.1.4.RELEASE/spring-boot-starter-web-2.1.4.RELEASE.jar:/Users/sraj/.m2/repository/org/springframework/boot/spring-boot-starter/2.1.4.RELEASE/spring-boot-starter-2.1.4.RELEASE.jar:/Users/sraj/.m2/repository/org/springframework/boot/spring-boot-starter-logging/2.1.4.RELEASE/spring-boot-starter-logging-2.1.4.RELEASE.jar:/Users/sraj/.m2/repository/ch/qos/logback/logback-classic/1.2.3/logback-classic-1.2.3.jar:/Users/sraj/.m2/repository/ch/qos/logback/logback-core/1.2.3/logback-core-1.2.3.jar:/Users/sraj/.m2/repository/org/apache/logging/log4j/log4j-to-slf4j/2.11.2/log4j-to-slf4j-2.11.2.jar:/Users/sraj/.m2/repository/org/apache/logging/log4j/log4j-api/2.11.2/log4j-api-2.11.2.jar:/Users/sraj/.m2/repository/org/slf4j/jul-to-slf4j/1.7.26/jul-to-slf4j-1.7.26.jar:/Users/sraj/.m2/repository/javax/annotation/javax.annotation-api/1.3.2/javax.annotation-api-1.3.2.jar:/Users/sraj/.m2/repository/org/springframework/boot/spring-boot-starter-json/2.1.4.RELEASE/spring-boot-starter-json-2.1.4.RELEASE.jar:/Users/sraj/.m2/repository/com/fasterxml/jackson/datatype/jackson-datatype-jdk8/2.9.8/jackson-datatype-jdk8-2.9.8.jar:/Users/sraj/.m2/repository/com/fasterxml/jackson/datatype/jackson-datatype-jsr310/2.9.8/jackson-datatype-jsr310-2.9.8.jar:/Users/sraj/.m2/repository/com/fasterxml/jackson/module/jackson-module-parameter-names/2.9.8/jackson-module-parameter-names-2.9.8.jar:/Users/sraj/.m2/repository/org/springframework/boot/spring-boot-starter-tomcat/2.1.4.RELEASE/spring-boot-starter-tomcat-2.1.4.RELEASE.jar:/Users/sraj/.m2/repository/org/apache/tomcat/embed/tomcat-embed-core/9.0.17/tomcat-embed-core-9.0.17.jar:/Users/sraj/.m2/repository/org/apache/tomcat/embed/tomcat-embed-el/9.0.17/tomcat-embed-el-9.0.17.jar:/Users/sraj/.m2/repository/org/apache/tomcat/embed/tomcat-embed-websocket/9.0.17/tomcat-embed-websocket-9.0.17.jar:/Users/sraj/.m2/repository/org/hibernate/validator/hibernate-validator/6.0.16.Final/hibernate-validator-6.0.16.Final.jar:/Users/sraj/.m2/repository/javax/validation/validation-api/2.0.1.Final/validation-api-2.0.1.Final.jar:/Users/sraj/.m2/repository/org/springframework/spring-web/5.1.6.RELEASE/spring-web-5.1.6.RELEASE.jar:/Users/sraj/.m2/repository/org/springframework/spring-webmvc/5.1.6.RELEASE/spring-webmvc-5.1.6.RELEASE.jar:/Users/sraj/.m2/repository/org/springframework/spring-expression/5.1.6.RELEASE/spring-expression-5.1.6.RELEASE.jar:/Users/sraj/.m2/repository/org/springframework/cloud/spring-cloud-starter-oauth2/2.1.2.RELEASE/spring-cloud-starter-oauth2-2.1.2.RELEASE.jar:/Users/sraj/.m2/repository/org/springframework/cloud/spring-cloud-starter-security/2.1.2.RELEASE/spring-cloud-starter-security-2.1.2.RELEASE.jar:/Users/sraj/.m2/repository/org/springframework/cloud/spring-cloud-starter/2.1.1.RELEASE/spring-cloud-starter-2.1.1.RELEASE.jar:/Users/sraj/.m2/repository/org/springframework/cloud/spring-cloud-context/2.1.1.RELEASE/spring-cloud-context-2.1.1.RELEASE.jar:/Users/sraj/.m2/repository/org/springframework/cloud/spring-cloud-commons/2.1.1.RELEASE/spring-cloud-commons-2.1.1.RELEASE.jar:/Users/sraj/.m2/repository/org/springframework/cloud/spring-cloud-security/2.1.2.RELEASE/spring-cloud-security-2.1.2.RELEASE.jar:/Users/sraj/.m2/repository/org/springframework/boot/spring-boot-starter-security/2.1.4.RELEASE/spring-boot-starter-security-2.1.4.RELEASE.jar:/Users/sraj/.m2/repository/org/springframework/cloud/spring-cloud-config-server/2.1.1.RELEASE/spring-cloud-config-server-2.1.1.RELEASE.jar:/Users/sraj/.m2/repository/org/springframework/cloud/spring-cloud-config-client/2.1.1.RELEASE/spring-cloud-config-client-2.1.1.RELEASE.jar:/Users/sraj/.m2/repository/org/springframework/security/spring-security-crypto/5.1.5.RELEASE/spring-security-crypto-5.1.5.RELEASE.jar:/Users/sraj/.m2/repository/org/springframework/security/spring-security-rsa/1.0.7.RELEASE/spring-security-rsa-1.0.7.RELEASE.jar:/Users/sraj/.m2/repository/org/bouncycastle/bcpkix-jdk15on/1.60/bcpkix-jdk15on-1.60.jar:/Users/sraj/.m2/repository/org/bouncycastle/bcprov-jdk15on/1.60/bcprov-jdk15on-1.60.jar:/Users/sraj/.m2/repository/org/eclipse/jgit/org.eclipse.jgit/5.1.3.201810200350-r/org.eclipse.jgit-5.1.3.201810200350-r.jar:/Users/sraj/.m2/repository/com/jcraft/jsch/0.1.54/jsch-0.1.54.jar:/Users/sraj/.m2/repository/com/jcraft/jzlib/1.1.1/jzlib-1.1.1.jar:/Users/sraj/.m2/repository/com/googlecode/javaewah/JavaEWAH/1.1.6/JavaEWAH-1.1.6.jar:/Users/sraj/.m2/repository/org/eclipse/jgit/org.eclipse.jgit.http.apache/5.1.3.201810200350-r/org.eclipse.jgit.http.apache-5.1.3.201810200350-r.jar:/Users/sraj/.m2/repository/org/apache/httpcomponents/httpclient/4.5.8/httpclient-4.5.8.jar:/Users/sraj/.m2/repository/org/apache/httpcomponents/httpcore/4.4.11/httpcore-4.4.11.jar:/Users/sraj/.m2/repository/org/yaml/snakeyaml/1.23/snakeyaml-1.23.jar:/Users/sraj/.m2/repository/org/springframework/security/oauth/boot/spring-security-oauth2-autoconfigure/2.1.3.RELEASE/spring-security-oauth2-autoconfigure-2.1.3.RELEASE.jar:/Users/sraj/.m2/repository/com/fasterxml/jackson/core/jackson-annotations/2.9.0/jackson-annotations-2.9.0.jar:/Users/sraj/.m2/repository/com/fasterxml/jackson/core/jackson-databind/2.9.8/jackson-databind-2.9.8.jar:/Users/sraj/.m2/repository/com/fasterxml/jackson/core/jackson-core/2.9.8/jackson-core-2.9.8.jar:/Users/sraj/.m2/repository/com/sun/xml/bind/jaxb-core/2.3.0.1/jaxb-core-2.3.0.1.jar:/Users/sraj/.m2/repository/com/sun/xml/bind/jaxb-impl/2.3.0.1/jaxb-impl-2.3.0.1.jar:/Users/sraj/.m2/repository/org/springframework/boot/spring-boot/2.1.4.RELEASE/spring-boot-2.1.4.RELEASE.jar:/Users/sraj/.m2/repository/org/springframework/boot/spring-boot-autoconfigure/2.1.4.RELEASE/spring-boot-autoconfigure-2.1.4.RELEASE.jar:/Users/sraj/.m2/repository/org/springframework/security/oauth/spring-security-oauth2/2.3.5.RELEASE/spring-security-oauth2-2.3.5.RELEASE.jar:/Users/sraj/.m2/repository/org/springframework/security/spring-security-core/5.1.5.RELEASE/spring-security-core-5.1.5.RELEASE.jar:/Users/sraj/.m2/repository/org/springframework/security/spring-security-config/5.1.5.RELEASE/spring-security-config-5.1.5.RELEASE.jar:/Users/sraj/.m2/repository/org/springframework/security/spring-security-web/5.1.5.RELEASE/spring-security-web-5.1.5.RELEASE.jar:/Users/sraj/.m2/repository/commons-codec/commons-codec/1.11/commons-codec-1.11.jar:/Users/sraj/.m2/repository/org/codehaus/jackson/jackson-mapper-asl/1.9.13/jackson-mapper-asl-1.9.13.jar:/Users/sraj/.m2/repository/org/codehaus/jackson/jackson-core-asl/1.9.13/jackson-core-asl-1.9.13.jar:/Users/sraj/.m2/repository/org/springframework/security/spring-security-jwt/1.0.10.RELEASE/spring-security-jwt-1.0.10.RELEASE.jar:/Users/sraj/.m2/repository/org/springframework/cloud/spring-cloud-starter-sleuth/2.1.1.RELEASE/spring-cloud-starter-sleuth-2.1.1.RELEASE.jar:/Users/sraj/.m2/repository/org/springframework/cloud/spring-cloud-sleuth-core/2.1.1.RELEASE/spring-cloud-sleuth-core-2.1.1.RELEASE.jar:/Users/sraj/.m2/repository/org/aspectj/aspectjrt/1.9.2/aspectjrt-1.9.2.jar:/Users/sraj/.m2/repository/io/zipkin/brave/brave/5.6.1/brave-5.6.1.jar:/Users/sraj/.m2/repository/io/zipkin/zipkin2/zipkin/2.12.0/zipkin-2.12.0.jar:/Users/sraj/.m2/repository/io/zipkin/reporter2/zipkin-reporter/2.7.14/zipkin-reporter-2.7.14.jar:/Users/sraj/.m2/repository/io/zipkin/brave/brave-context-log4j2/5.6.1/brave-context-log4j2-5.6.1.jar:/Users/sraj/.m2/repository/io/zipkin/brave/brave-instrumentation-spring-web/5.6.1/brave-instrumentation-spring-web-5.6.1.jar:/Users/sraj/.m2/repository/io/zipkin/brave/brave-instrumentation-http/5.6.1/brave-instrumentation-http-5.6.1.jar:/Users/sraj/.m2/repository/io/zipkin/brave/brave-instrumentation-spring-rabbit/5.6.1/brave-instrumentation-spring-rabbit-5.6.1.jar:/Users/sraj/.m2/repository/io/zipkin/brave/brave-instrumentation-kafka-clients/5.6.1/brave-instrumentation-kafka-clients-5.6.1.jar:/Users/sraj/.m2/repository/io/zipkin/brave/brave-instrumentation-httpclient/5.6.1/brave-instrumentation-httpclient-5.6.1.jar:/Users/sraj/.m2/repository/io/zipkin/brave/brave-instrumentation-httpasyncclient/5.6.1/brave-instrumentation-httpasyncclient-5.6.1.jar:/Users/sraj/.m2/repository/io/zipkin/brave/brave-instrumentation-spring-webmvc/5.6.1/brave-instrumentation-spring-webmvc-5.6.1.jar:/Users/sraj/.m2/repository/io/zipkin/brave/brave-instrumentation-servlet/5.6.1/brave-instrumentation-servlet-5.6.1.jar:/Users/sraj/.m2/repository/io/zipkin/brave/brave-instrumentation-jms/5.6.1/brave-instrumentation-jms-5.6.1.jar:/Users/sraj/.m2/repository/org/springframework/boot/spring-boot-starter-actuator/2.1.4.RELEASE/spring-boot-starter-actuator-2.1.4.RELEASE.jar:/Users/sraj/.m2/repository/org/springframework/boot/spring-boot-actuator-autoconfigure/2.1.4.RELEASE/spring-boot-actuator-autoconfigure-2.1.4.RELEASE.jar:/Users/sraj/.m2/repository/org/springframework/boot/spring-boot-actuator/2.1.4.RELEASE/spring-boot-actuator-2.1.4.RELEASE.jar:/Users/sraj/.m2/repository/io/micrometer/micrometer-core/1.1.4/micrometer-core-1.1.4.jar:/Users/sraj/.m2/repository/org/hdrhistogram/HdrHistogram/2.1.9/HdrHistogram-2.1.9.jar:/Users/sraj/.m2/repository/org/latencyutils/LatencyUtils/2.0.3/LatencyUtils-2.0.3.jar:/Users/sraj/.m2/repository/org/springframework/boot/spring-boot-devtools/2.1.4.RELEASE/spring-boot-devtools-2.1.4.RELEASE.jar:/Users/sraj/.m2/repository/org/springframework/boot/spring-boot-starter-test/2.1.4.RELEASE/spring-boot-starter-test-2.1.4.RELEASE.jar:/Users/sraj/.m2/repository/org/springframework/boot/spring-boot-test/2.1.4.RELEASE/spring-boot-test-2.1.4.RELEASE.jar:/Users/sraj/.m2/repository/org/springframework/boot/spring-boot-test-autoconfigure/2.1.4.RELEASE/spring-boot-test-autoconfigure-2.1.4.RELEASE.jar:/Users/sraj/.m2/repository/com/jayway/jsonpath/json-path/2.4.0/json-path-2.4.0.jar:/Users/sraj/.m2/repository/net/minidev/json-smart/2.3/json-smart-2.3.jar:/Users/sraj/.m2/repository/net/minidev/accessors-smart/1.2/accessors-smart-1.2.jar:/Users/sraj/.m2/repository/org/ow2/asm/asm/5.0.4/asm-5.0.4.jar:/Users/sraj/.m2/repository/junit/junit/4.12/junit-4.12.jar:/Users/sraj/.m2/repository/org/assertj/assertj-core/3.11.1/assertj-core-3.11.1.jar:/Users/sraj/.m2/repository/org/mockito/mockito-core/2.23.4/mockito-core-2.23.4.jar:/Users/sraj/.m2/repository/net/bytebuddy/byte-buddy-agent/1.9.12/byte-buddy-agent-1.9.12.jar:/Users/sraj/.m2/repository/org/objenesis/objenesis/2.6/objenesis-2.6.jar:/Users/sraj/.m2/repository/org/hamcrest/hamcrest-core/1.3/hamcrest-core-1.3.jar:/Users/sraj/.m2/repository/org/hamcrest/hamcrest-library/1.3/hamcrest-library-1.3.jar:/Users/sraj/.m2/repository/org/skyscreamer/jsonassert/1.5.0/jsonassert-1.5.0.jar:/Users/sraj/.m2/repository/com/vaadin/external/google/android-json/0.0.20131108.vaadin1/android-json-0.0.20131108.vaadin1.jar:/Users/sraj/.m2/repository/org/springframework/spring-core/5.1.6.RELEASE/spring-core-5.1.6.RELEASE.jar:/Users/sraj/.m2/repository/org/springframework/spring-jcl/5.1.6.RELEASE/spring-jcl-5.1.6.RELEASE.jar:/Users/sraj/.m2/repository/org/springframework/spring-test/5.1.6.RELEASE/spring-test-5.1.6.RELEASE.jar:/Users/sraj/.m2/repository/org/xmlunit/xmlunit-core/2.6.2/xmlunit-core-2.6.2.jar:/Users/sraj/.m2/repository/org/hamcrest/hamcrest-all/1.3/hamcrest-all-1.3.jar:/Users/sraj/.m2/repository/com/oracle/ojdbc7/12.1.0.1/ojdbc7-12.1.0.1.jar:"/>
    <property name="sun.cpu.endian" value="little"/>
    <property name="user.home" value="/Users/sraj"/>
    <property name="user.language" value="en"/>
    <property name="java.specification.vendor" value="Oracle Corporation"/>
    <property name="java.home" value="/Library/Java/JavaVirtualMachines/jdk1.8.0_201.jdk/Contents/Home/jre"/>
    <property name="basedir" value="/Users/sraj/Documents/demoapp/app/authentication"/>
    <property name="file.separator" value="/"/>
    <property name="line.separator" value="&#10;"/>
    <property name="java.vm.specification.vendor" value="Oracle Corporation"/>
    <property name="java.specification.name" value="Java Platform API Specification"/>
    <property name="java.awt.graphicsenv" value="sun.awt.CGraphicsEnvironment"/>
    <property name="surefire.real.class.path" value="/Users/sraj/Documents/demoapp/app/authentication/target/surefire/surefirebooter8617960280208031762.jar"/>
    <property name="sun.boot.class.path" value="/Library/Java/JavaVirtualMachines/jdk1.8.0_201.jdk/Contents/Home/jre/lib/resources.jar:/Library/Java/JavaVirtualMachines/jdk1.8.0_201.jdk/Contents/Home/jre/lib/rt.jar:/Library/Java/JavaVirtualMachines/jdk1.8.0_201.jdk/Contents/Home/jre/lib/sunrsasign.jar:/Library/Java/JavaVirtualMachines/jdk1.8.0_201.jdk/Contents/Home/jre/lib/jsse.jar:/Library/Java/JavaVirtualMachines/jdk1.8.0_201.jdk/Contents/Home/jre/lib/jce.jar:/Library/Java/JavaVirtualMachines/jdk1.8.0_201.jdk/Contents/Home/jre/lib/charsets.jar:/Library/Java/JavaVirtualMachines/jdk1.8.0_201.jdk/Contents/Home/jre/lib/jfr.jar:/Library/Java/JavaVirtualMachines/jdk1.8.0_201.jdk/Contents/Home/jre/classes"/>
    <property name="sun.management.compiler" value="HotSpot 64-Bit Tiered Compilers"/>
    <property name="ftp.nonProxyHosts" value="local|*.local|169.254/16|*.169.254/16"/>
    <property name="java.runtime.version" value="1.8.0_201-b09"/>
    <property name="user.name" value="sraj"/>
    <property name="path.separator" value=":"/>
    <property name="os.version" value="10.14.3"/>
    <property name="java.endorsed.dirs" value="/Library/Java/JavaVirtualMachines/jdk1.8.0_201.jdk/Contents/Home/jre/lib/endorsed"/>
    <property name="java.runtime.name" value="Java(TM) SE Runtime Environment"/>
    <property name="file.encoding" value="US-ASCII"/>
    <property name="java.vm.name" value="Java HotSpot(TM) 64-Bit Server VM"/>
    <property name="localRepository" value="/Users/sraj/.m2/repository"/>
    <property name="java.vendor.url.bug" value="http://bugreport.sun.com/bugreport/"/>
    <property name="java.io.tmpdir" value="/var/folders/lq/bg_p79zs6ggc68fx1h6rvnhr0000gn/T/"/>
    <property name="idea.version" value="2018.3.4"/>
    <property name="java.version" value="1.8.0_201"/>
    <property name="user.dir" value="/Users/sraj/Documents/demoapp/app/authentication"/>
    <property name="os.arch" value="x86_64"/>
    <property name="java.vm.specification.name" value="Java Virtual Machine Specification"/>
    <property name="java.awt.printerjob" value="sun.lwawt.macosx.CPrinterJob"/>
    <property name="sun.os.patch.level" value="unknown"/>
    <property name="java.library.path" value="/Users/sraj/Library/Java/Extensions:/Library/Java/Extensions:/Network/Library/Java/Extensions:/System/Library/Java/Extensions:/usr/lib/java:."/>
    <property name="java.vm.info" value="mixed mode"/>
    <property name="java.vendor" value="Oracle Corporation"/>
    <property name="java.vm.version" value="25.201-b09"/>
    <property name="java.ext.dirs" value="/Users/sraj/Library/Java/Extensions:/Library/Java/JavaVirtualMachines/jdk1.8.0_201.jdk/Contents/Home/jre/lib/ext:/Library/Java/Extensions:/Network/Library/Java/Extensions:/System/Library/Java/Extensions:/usr/lib/java"/>
    <property name="sun.io.unicode.encoding" value="UnicodeBig"/>
    <property name="java.class.version" value="52.0"/>
    <property name="socksNonProxyHosts" value="local|*.local|169.254/16|*.169.254/16"/>
  </properties>
  <testcase name="jpaTestForUserGetting" classname="qa.gov.customs.authentication.UserMasterJpaTest" time="0.333"/>
</testsuite>